0 info it worked if it ends with ok
1 verbose cli [ '/usr/local/bin/node',
1 verbose cli   '/usr/local/bin/npm',
1 verbose cli   'install',
1 verbose cli   'mongo',
1 verbose cli   '--save' ]
2 info using npm@2.14.12
3 info using node@v4.2.4
4 verbose install initial load of /Users/davidjuin0519/Projects/bikinform/package.json
5 verbose installManyTop reading scoped package data from /Users/davidjuin0519/Projects/bikinform/node_modules/body-parser/package.json
6 verbose installManyTop reading scoped package data from /Users/davidjuin0519/Projects/bikinform/node_modules/cookie-parser/package.json
7 verbose installManyTop reading scoped package data from /Users/davidjuin0519/Projects/bikinform/node_modules/cron/package.json
8 verbose installManyTop reading scoped package data from /Users/davidjuin0519/Projects/bikinform/node_modules/debug/package.json
9 verbose installManyTop reading scoped package data from /Users/davidjuin0519/Projects/bikinform/node_modules/express/package.json
10 verbose installManyTop reading scoped package data from /Users/davidjuin0519/Projects/bikinform/node_modules/jade/package.json
11 verbose installManyTop reading scoped package data from /Users/davidjuin0519/Projects/bikinform/node_modules/mongodb/package.json
12 verbose installManyTop reading scoped package data from /Users/davidjuin0519/Projects/bikinform/node_modules/mongoskin/package.json
13 verbose installManyTop reading scoped package data from /Users/davidjuin0519/Projects/bikinform/node_modules/monk/package.json
14 verbose installManyTop reading scoped package data from /Users/davidjuin0519/Projects/bikinform/node_modules/morgan/package.json
15 verbose installManyTop reading scoped package data from /Users/davidjuin0519/Projects/bikinform/node_modules/pryjs/package.json
16 verbose installManyTop reading scoped package data from /Users/davidjuin0519/Projects/bikinform/node_modules/serve-favicon/package.json
17 verbose installManyTop reading scoped package data from /Users/davidjuin0519/Projects/bikinform/node_modules/socket.io/package.json
18 info package.json cron@1.1.0 No license field.
19 info package.json monk@1.0.1 No license field.
20 verbose readDependencies loading dependencies from /Users/davidjuin0519/Projects/bikinform/package.json
21 silly cache add args [ 'mongo', null ]
22 verbose cache add spec mongo
23 silly cache add parsed spec Result {
23 silly cache add   raw: 'mongo',
23 silly cache add   scope: null,
23 silly cache add   name: 'mongo',
23 silly cache add   rawSpec: '',
23 silly cache add   spec: 'latest',
23 silly cache add   type: 'tag' }
24 silly addNamed mongo@latest
25 verbose addNamed "latest" is being treated as a dist-tag for mongo
26 info addNameTag [ 'mongo', 'latest' ]
27 silly mapToRegistry name mongo
28 silly mapToRegistry using default registry
29 silly mapToRegistry registry https://registry.npmjs.org/
30 silly mapToRegistry uri https://registry.npmjs.org/mongo
31 verbose addNameTag registry:https://registry.npmjs.org/mongo not in flight; fetching
32 verbose request uri https://registry.npmjs.org/mongo
33 verbose request no auth needed
34 info attempt registry request try #1 at 15:53:08
35 verbose request id 0b3774354a230b3a
36 http request GET https://registry.npmjs.org/mongo
37 http 200 https://registry.npmjs.org/mongo
38 verbose headers { server: 'CouchDB/1.5.0 (Erlang OTP/R16B03)',
38 verbose headers   etag: '"1EQVR9CFY1SGI9GEIPEDXVKNF"',
38 verbose headers   'content-type': 'application/json',
38 verbose headers   'cache-control': 'max-age=300',
38 verbose headers   'content-length': '1207',
38 verbose headers   'accept-ranges': 'bytes',
38 verbose headers   date: 'Mon, 08 Feb 2016 07:53:09 GMT',
38 verbose headers   via: '1.1 varnish',
38 verbose headers   age: '0',
38 verbose headers   connection: 'keep-alive',
38 verbose headers   'x-served-by': 'cache-hkg6823-HKG',
38 verbose headers   'x-cache': 'MISS',
38 verbose headers   'x-cache-hits': '0',
38 verbose headers   'x-timer': 'S1454917989.155598,VS0,VE768',
38 verbose headers   vary: 'Accept' }
39 silly get cb [ 200,
39 silly get   { server: 'CouchDB/1.5.0 (Erlang OTP/R16B03)',
39 silly get     etag: '"1EQVR9CFY1SGI9GEIPEDXVKNF"',
39 silly get     'content-type': 'application/json',
39 silly get     'cache-control': 'max-age=300',
39 silly get     'content-length': '1207',
39 silly get     'accept-ranges': 'bytes',
39 silly get     date: 'Mon, 08 Feb 2016 07:53:09 GMT',
39 silly get     via: '1.1 varnish',
39 silly get     age: '0',
39 silly get     connection: 'keep-alive',
39 silly get     'x-served-by': 'cache-hkg6823-HKG',
39 silly get     'x-cache': 'MISS',
39 silly get     'x-cache-hits': '0',
39 silly get     'x-timer': 'S1454917989.155598,VS0,VE768',
39 silly get     vary: 'Accept' } ]
40 verbose get saving mongo to /Users/davidjuin0519/.npm/registry.npmjs.org/mongo/.cache.json
41 silly addNameTag next cb for mongo with tag latest
42 silly addNamed mongo@0.1.0
43 verbose addNamed "0.1.0" is a plain semver version for mongo
44 silly mapToRegistry name mongo
45 silly mapToRegistry using default registry
46 silly mapToRegistry registry https://registry.npmjs.org/
47 silly mapToRegistry uri https://registry.npmjs.org/mongo
48 verbose addRemoteTarball https://registry.npmjs.org/mongo/-/mongo-0.1.0.tgz not in flight; adding
49 verbose addRemoteTarball [ 'https://registry.npmjs.org/mongo/-/mongo-0.1.0.tgz',
49 verbose addRemoteTarball   'c8af0f8df98d4894b772b37342987c3becf3718c' ]
50 info retry fetch attempt 1 at 15:53:09
51 info attempt registry request try #1 at 15:53:09
52 http fetch GET https://registry.npmjs.org/mongo/-/mongo-0.1.0.tgz
53 http fetch 200 https://registry.npmjs.org/mongo/-/mongo-0.1.0.tgz
54 silly fetchAndShaCheck shasum c8af0f8df98d4894b772b37342987c3becf3718c
55 verbose addTmpTarball /var/folders/0_/7ncj328s1fj9pd0sb2q_mq300000gn/T/npm-8943-7f0de632/registry.npmjs.org/mongo/-/mongo-0.1.0.tgz not in flight; adding
56 verbose addTmpTarball already have metadata; skipping unpack for mongo@0.1.0
57 silly cache afterAdd mongo@0.1.0
58 verbose afterAdd /Users/davidjuin0519/.npm/mongo/0.1.0/package/package.json not in flight; writing
59 verbose afterAdd /Users/davidjuin0519/.npm/mongo/0.1.0/package/package.json written
60 silly install resolved [ { name: 'mongo',
60 silly install resolved     description: 'A thin wrapper for the mongodb library',
60 silly install resolved     version: '0.1.0',
60 silly install resolved     author: { name: 'Chris O\'Hara', email: 'cohara87@gmail.com' },
60 silly install resolved     main: 'index',
60 silly install resolved     dependencies: { mongodb: '*' },
60 silly install resolved     engines: { node: '>= 0.4.0' },
60 silly install resolved     licenses: [ [Object] ],
60 silly install resolved     _npmUser: { name: 'cohara87', email: 'cohara87@gmail.com' },
60 silly install resolved     _id: 'mongo@0.1.0',
60 silly install resolved     devDependencies: {},
60 silly install resolved     _engineSupported: true,
60 silly install resolved     _npmVersion: '1.0.106',
60 silly install resolved     _nodeVersion: 'v0.6.6',
60 silly install resolved     _defaultsLoaded: true,
60 silly install resolved     dist:
60 silly install resolved      { shasum: 'c8af0f8df98d4894b772b37342987c3becf3718c',
60 silly install resolved        tarball: 'http://registry.npmjs.org/mongo/-/mongo-0.1.0.tgz' },
60 silly install resolved     maintainers: [ [Object] ],
60 silly install resolved     directories: {},
60 silly install resolved     _shasum: 'c8af0f8df98d4894b772b37342987c3becf3718c',
60 silly install resolved     _resolved: 'https://registry.npmjs.org/mongo/-/mongo-0.1.0.tgz',
60 silly install resolved     _from: 'mongo@latest' } ]
61 info install mongo@0.1.0 into /Users/davidjuin0519/Projects/bikinform
62 info installOne mongo@0.1.0
63 verbose installOne of mongo to /Users/davidjuin0519/Projects/bikinform not in flight; installing
64 verbose lock using /Users/davidjuin0519/.npm/_locks/mongo-643de98fe4675d4e.lock for /Users/davidjuin0519/Projects/bikinform/node_modules/mongo
65 silly install write writing mongo 0.1.0 to /Users/davidjuin0519/Projects/bikinform/node_modules/mongo
66 verbose unbuild node_modules/mongo
67 silly gentlyRm /Users/davidjuin0519/Projects/bikinform/node_modules/mongo is being purged from base /Users/davidjuin0519/Projects/bikinform
68 verbose gentlyRm don't care about contents; nuking /Users/davidjuin0519/Projects/bikinform/node_modules/mongo
69 verbose tar unpack /Users/davidjuin0519/.npm/mongo/0.1.0/package.tgz
70 verbose tar unpacking to /Users/davidjuin0519/Projects/bikinform/node_modules/mongo
71 silly gentlyRm /Users/davidjuin0519/Projects/bikinform/node_modules/mongo is being purged
72 verbose gentlyRm don't care about contents; nuking /Users/davidjuin0519/Projects/bikinform/node_modules/mongo
73 silly gunzTarPerm modes [ '755', '644' ]
74 silly gunzTarPerm extractEntry LICENSE
75 silly gunzTarPerm extractEntry index.js
76 silly gunzTarPerm extractEntry package.json
77 verbose write writing to /Users/davidjuin0519/Projects/bikinform/node_modules/mongo/package.json
78 info preinstall mongo@0.1.0
79 verbose readDependencies loading dependencies from /Users/davidjuin0519/Projects/bikinform/node_modules/mongo/package.json
80 verbose readDependencies loading dependencies from /Users/davidjuin0519/Projects/bikinform/node_modules/mongo/package.json
81 silly install resolved []
82 verbose about to build /Users/davidjuin0519/Projects/bikinform/node_modules/mongo
83 info build /Users/davidjuin0519/Projects/bikinform/node_modules/mongo
84 info linkStuff mongo@0.1.0
85 silly linkStuff mongo@0.1.0 has /Users/davidjuin0519/Projects/bikinform/node_modules as its parent node_modules
86 verbose linkBins mongo@0.1.0
87 verbose linkMans mongo@0.1.0
88 verbose rebuildBundles mongo@0.1.0
89 info install mongo@0.1.0
90 info postinstall mongo@0.1.0
91 verbose unlock done using /Users/davidjuin0519/.npm/_locks/mongo-643de98fe4675d4e.lock for /Users/davidjuin0519/Projects/bikinform/node_modules/mongo
92 verbose validateInstall loading /Users/davidjuin0519/Projects/bikinform/package.json for validation
93 verbose stack Error: The package mongodb@2.1.6 does not satisfy its siblings' peerDependencies requirements!
93 verbose stack     at /usr/local/lib/node_modules/npm/lib/install.js:125:32
93 verbose stack     at /usr/local/lib/node_modules/npm/lib/install.js:268:7
93 verbose stack     at /usr/local/lib/node_modules/npm/node_modules/read-installed/read-installed.js:142:5
93 verbose stack     at /usr/local/lib/node_modules/npm/node_modules/read-installed/read-installed.js:263:14
93 verbose stack     at cb (/usr/local/lib/node_modules/npm/node_modules/slide/lib/async-map.js:47:24)
93 verbose stack     at /usr/local/lib/node_modules/npm/node_modules/read-installed/read-installed.js:263:14
93 verbose stack     at cb (/usr/local/lib/node_modules/npm/node_modules/slide/lib/async-map.js:47:24)
93 verbose stack     at /usr/local/lib/node_modules/npm/node_modules/read-installed/read-installed.js:263:14
93 verbose stack     at cb (/usr/local/lib/node_modules/npm/node_modules/slide/lib/async-map.js:47:24)
93 verbose stack     at /usr/local/lib/node_modules/npm/node_modules/read-installed/read-installed.js:263:14
94 verbose cwd /Users/davidjuin0519/Projects/bikinform
95 error Darwin 14.5.0
96 error argv "/usr/local/bin/node" "/usr/local/bin/npm" "install" "mongo" "--save"
97 error node v4.2.4
98 error npm  v2.14.12
99 error code EPEERINVALID
100 error peerinvalid The package mongodb@2.1.6 does not satisfy its siblings' peerDependencies requirements!
100 error peerinvalid Peer mongoskin@2.0.3 wants mongodb@~2.0
101 verbose exit [ 1, true ]
